[2023-12-10 13:49:43,098][INFO][basehttp][basehttp.py:124]["POST /register/ HTTP/1.1" 200 38]
[2023-12-10 13:50:04,218][INFO][basehttp][basehttp.py:124]["OPTIONS /login/ HTTP/1.1" 200 0]
[2023-12-10 13:50:04,256][INFO][basehttp][basehttp.py:124]["POST /login/ HTTP/1.1" 200 261]
[2023-12-10 13:50:04,331][INFO][basehttp][basehttp.py:124]["GET /home/ HTTP/1.1" 200 2]
[2023-12-10 13:50:04,357][INFO][basehttp][basehttp.py:124]["GET /home/ HTTP/1.1" 200 2]
[2023-12-10 13:50:04,379][INFO][basehttp][basehttp.py:124]["GET /set_avatar/%E6%B5%B7%E7%BB%B5%E5%AE%9D%E5%AE%9D/ HTTP/1.1" 200 54]
[2023-12-10 13:50:04,390][INFO][basehttp][basehttp.py:124]["GET /media/avatar/w1.jpg HTTP/1.1" 200 39304]
[2023-12-10 13:50:09,800][INFO][basehttp][basehttp.py:124]["GET /home/ HTTP/1.1" 200 2]
[2023-12-10 13:50:09,837][INFO][basehttp][basehttp.py:124]["GET /home/ HTTP/1.1" 200 2]
[2023-12-10 13:50:36,078][INFO][basehttp][basehttp.py:124]["POST /register/ HTTP/1.1" 200 38]
[2023-12-10 13:52:55,431][WARNING][base][base.py:152][Not Found: /]
[2023-12-10 13:52:55,431][WARNING][basehttp][basehttp.py:124]["GET / HTTP/1.1" 404 3812]
[2023-12-10 13:52:55,719][WARNING][base][base.py:152][Not Found: /favicon.ico]
[2023-12-10 13:52:55,719][WARNING][basehttp][basehttp.py:124]["GET /favicon.ico HTTP/1.1" 404 3863]
[2023-12-10 13:53:01,922][INFO][basehttp][basehttp.py:124]["GET /admin HTTP/1.1" 301 0]
[2023-12-10 13:53:01,991][INFO][basehttp][basehttp.py:124]["GET /admin/ HTTP/1.1" 302 0]
[2023-12-10 13:53:05,632][INFO][basehttp][basehttp.py:124]["GET /admin/login/?next=/admin/ HTTP/1.1" 200 1652]
[2023-12-10 13:53:05,675][INFO][basehttp][basehttp.py:124]["GET /static/admin/css/base.css HTTP/1.1" 200 16066]
[2023-12-10 13:53:05,676][INFO][basehttp][basehttp.py:124]["GET /static/admin/css/login.css HTTP/1.1" 200 1203]
[2023-12-10 13:53:05,697][INFO][basehttp][basehttp.py:124]["GET /static/admin/css/fonts.css HTTP/1.1" 200 423]
[2023-12-10 13:53:05,758][INFO][basehttp][basehttp.py:124]["GET /static/admin/fonts/Roboto-Regular-webfont.woff HTTP/1.1" 200 80304]
[2023-12-10 13:53:05,770][INFO][basehttp][basehttp.py:124]["GET /static/admin/fonts/Roboto-Light-webfont.woff HTTP/1.1" 200 81348]
[2023-12-10 13:53:18,459][INFO][basehttp][basehttp.py:124]["POST /admin/login/?next=/admin/ HTTP/1.1" 302 0]
[2023-12-10 13:53:18,546][INFO][basehttp][basehttp.py:124]["GET /admin/ HTTP/1.1" 200 5718]
[2023-12-10 13:53:18,564][INFO][basehttp][basehttp.py:124]["GET /static/admin/css/dashboard.css HTTP/1.1" 200 412]
[2023-12-10 13:53:18,590][INFO][basehttp][basehttp.py:124]["GET /static/admin/img/icon-addlink.svg HTTP/1.1" 200 331]
[2023-12-10 13:53:18,609][INFO][basehttp][basehttp.py:124]["GET /static/admin/img/icon-changelink.svg HTTP/1.1" 200 380]
[2023-12-10 13:53:18,642][INFO][basehttp][basehttp.py:124]["GET /static/admin/fonts/Roboto-Bold-webfont.woff HTTP/1.1" 200 82564]
[2023-12-10 13:53:21,541][INFO][basehttp][basehttp.py:124]["GET /admin/w/article/ HTTP/1.1" 200 3040]
[2023-12-10 13:53:21,577][INFO][basehttp][basehttp.py:124]["GET /static/admin/js/jquery.init.js HTTP/1.1" 200 363]
[2023-12-10 13:53:21,580][INFO][basehttp][basehttp.py:124]["GET /static/admin/css/changelists.css HTTP/1.1" 200 6170]
[2023-12-10 13:53:21,586][INFO][basehttp][basehttp.py:124]["GET /admin/jsi18n/ HTTP/1.1" 200 7682]
[2023-12-10 13:53:21,606][INFO][basehttp][basehttp.py:124]["GET /static/admin/js/urlify.js HTTP/1.1" 200 8186]
[2023-12-10 13:53:21,609][INFO][basehttp][basehttp.py:124]["GET /static/admin/js/core.js HTTP/1.1" 200 7976]
[2023-12-10 13:53:21,624][INFO][basehttp][basehttp.py:124]["GET /static/admin/js/prepopulate.js HTTP/1.1" 200 1538]
[2023-12-10 13:53:21,642][INFO][basehttp][basehttp.py:124]["GET /static/admin/js/vendor/xregexp/xregexp.js HTTP/1.1" 200 128820]
[2023-12-10 13:53:21,642][INFO][basehttp][basehttp.py:124]["GET /static/admin/js/admin/RelatedObjectLookups.js HTTP/1.1" 200 6591]
[2023-12-10 13:53:21,663][INFO][basehttp][basehttp.py:124]["GET /static/admin/js/actions.js HTTP/1.1" 200 6501]
[2023-12-10 13:53:21,708][INFO][basehttp][basehttp.py:124]["GET /static/admin/js/vendor/jquery/jquery.js HTTP/1.1" 200 258648]
[2023-12-10 13:53:21,737][INFO][basehttp][basehttp.py:124]["GET /static/admin/img/tooltag-add.svg HTTP/1.1" 200 331]
[2023-12-10 13:53:24,533][INFO][basehttp][basehttp.py:124]["GET /admin/w/article/add/ HTTP/1.1" 200 9043]
[2023-12-10 13:53:24,553][INFO][basehttp][basehttp.py:124]["GET /admin/jsi18n/ HTTP/1.1" 200 7682]
[2023-12-10 13:53:24,556][INFO][basehttp][basehttp.py:124]["GET /static/admin/js/prepopulate_init.js HTTP/1.1" 200 495]
[2023-12-10 13:53:24,560][INFO][basehttp][basehttp.py:124]["GET /static/admin/css/forms.css HTTP/1.1" 200 8173]
[2023-12-10 13:53:24,585][INFO][basehttp][basehttp.py:124]["GET /static/admin/js/change_form.js HTTP/1.1" 200 712]
[2023-12-10 13:53:24,592][INFO][basehttp][basehttp.py:124]["GET /static/admin/css/widgets.css HTTP/1.1" 200 10340]
[2023-12-10 13:54:08,442][INFO][basehttp][basehttp.py:124]["POST /admin/w/article/add/ HTTP/1.1" 302 0]
[2023-12-10 13:54:08,506][INFO][basehttp][basehttp.py:124]["GET /admin/w/article/add/ HTTP/1.1" 200 9260]
[2023-12-10 13:54:08,510][INFO][basehttp][basehttp.py:124]["GET /admin/jsi18n/ HTTP/1.1" 200 7682]
[2023-12-10 13:54:08,545][INFO][basehttp][basehttp.py:124]["GET /static/admin/img/icon-yes.svg HTTP/1.1" 200 436]
[2023-12-10 13:54:46,772][INFO][basehttp][basehttp.py:124]["POST /admin/w/article/add/ HTTP/1.1" 302 0]
[2023-12-10 13:54:46,825][INFO][basehttp][basehttp.py:124]["GET /admin/w/article/add/ HTTP/1.1" 200 9260]
[2023-12-10 13:54:46,840][INFO][basehttp][basehttp.py:124]["GET /admin/jsi18n/ HTTP/1.1" 200 7682]
[2023-12-10 13:55:33,777][INFO][basehttp][basehttp.py:124]["POST /admin/w/article/add/ HTTP/1.1" 302 0]
[2023-12-10 13:55:33,835][INFO][basehttp][basehttp.py:124]["GET /admin/w/article/add/ HTTP/1.1" 200 9257]
[2023-12-10 13:55:33,848][INFO][basehttp][basehttp.py:124]["GET /admin/jsi18n/ HTTP/1.1" 200 7682]
[2023-12-10 13:55:56,822][INFO][basehttp][basehttp.py:124]["POST /admin/w/article/add/ HTTP/1.1" 302 0]
[2023-12-10 13:55:56,878][INFO][basehttp][basehttp.py:124]["GET /admin/w/article/add/ HTTP/1.1" 200 9257]
[2023-12-10 13:55:56,904][INFO][basehttp][basehttp.py:124]["GET /admin/jsi18n/ HTTP/1.1" 200 7682]
[2023-12-10 13:56:22,525][INFO][basehttp][basehttp.py:124]["POST /admin/w/article/add/ HTTP/1.1" 302 0]
[2023-12-10 13:56:22,585][INFO][basehttp][basehttp.py:124]["GET /admin/w/article/add/ HTTP/1.1" 200 9260]
[2023-12-10 13:56:22,600][INFO][basehttp][basehttp.py:124]["GET /admin/jsi18n/ HTTP/1.1" 200 7682]
[2023-12-10 13:56:57,366][INFO][basehttp][basehttp.py:124]["POST /admin/w/article/add/ HTTP/1.1" 302 0]
[2023-12-10 13:56:57,412][INFO][basehttp][basehttp.py:124]["GET /admin/w/article/add/ HTTP/1.1" 200 9257]
[2023-12-10 13:56:57,435][INFO][basehttp][basehttp.py:124]["GET /admin/jsi18n/ HTTP/1.1" 200 7682]
[2023-12-10 13:57:22,656][INFO][basehttp][basehttp.py:124]["POST /admin/w/article/add/ HTTP/1.1" 302 0]
[2023-12-10 13:57:22,701][INFO][basehttp][basehttp.py:124]["GET /admin/w/article/add/ HTTP/1.1" 200 9257]
[2023-12-10 13:57:22,715][INFO][basehttp][basehttp.py:124]["GET /admin/jsi18n/ HTTP/1.1" 200 7682]
[2023-12-10 13:57:48,795][INFO][basehttp][basehttp.py:124]["POST /admin/w/article/add/ HTTP/1.1" 302 0]
[2023-12-10 13:57:48,915][INFO][basehttp][basehttp.py:124]["GET /admin/w/article/ HTTP/1.1" 200 5977]
[2023-12-10 13:57:48,929][INFO][basehttp][basehttp.py:124]["GET /admin/jsi18n/ HTTP/1.1" 200 7682]
[2023-12-10 13:57:51,726][INFO][basehttp][basehttp.py:124]["GET /admin/w/ HTTP/1.1" 200 4902]
[2023-12-10 13:57:52,659][INFO][basehttp][basehttp.py:124]["GET /admin/w/article2tag/ HTTP/1.1" 200 3073]
[2023-12-10 13:57:52,671][INFO][basehttp][basehttp.py:124]["GET /admin/jsi18n/ HTTP/1.1" 200 7682]
[2023-12-10 13:57:58,394][INFO][basehttp][basehttp.py:124]["GET /admin/w/article2tag/add/ HTTP/1.1" 200 6203]
[2023-12-10 13:57:58,410][INFO][basehttp][basehttp.py:124]["GET /admin/jsi18n/ HTTP/1.1" 200 7682]
[2023-12-10 13:58:08,972][INFO][basehttp][basehttp.py:124]["POST /admin/w/article2tag/add/ HTTP/1.1" 302 0]
[2023-12-10 13:58:09,024][INFO][basehttp][basehttp.py:124]["GET /admin/w/article2tag/add/ HTTP/1.1" 200 6443]
[2023-12-10 13:58:09,038][INFO][basehttp][basehttp.py:124]["GET /admin/jsi18n/ HTTP/1.1" 200 7682]
[2023-12-10 13:58:16,544][INFO][basehttp][basehttp.py:124]["POST /admin/w/article2tag/add/ HTTP/1.1" 302 0]
[2023-12-10 13:58:16,595][INFO][basehttp][basehttp.py:124]["GET /admin/w/article2tag/add/ HTTP/1.1" 200 6443]
[2023-12-10 13:58:16,628][INFO][basehttp][basehttp.py:124]["GET /admin/jsi18n/ HTTP/1.1" 200 7682]
[2023-12-10 13:58:23,327][INFO][basehttp][basehttp.py:124]["POST /admin/w/article2tag/add/ HTTP/1.1" 302 0]
[2023-12-10 13:58:23,373][INFO][basehttp][basehttp.py:124]["GET /admin/w/article2tag/add/ HTTP/1.1" 200 6443]
[2023-12-10 13:58:23,387][INFO][basehttp][basehttp.py:124]["GET /admin/jsi18n/ HTTP/1.1" 200 7682]
[2023-12-10 13:58:28,159][INFO][basehttp][basehttp.py:124]["POST /admin/w/article2tag/add/ HTTP/1.1" 302 0]
[2023-12-10 13:58:28,195][INFO][basehttp][basehttp.py:124]["GET /admin/w/article2tag/add/ HTTP/1.1" 200 6443]
[2023-12-10 13:58:28,208][INFO][basehttp][basehttp.py:124]["GET /admin/jsi18n/ HTTP/1.1" 200 7682]
[2023-12-10 13:58:32,520][INFO][basehttp][basehttp.py:124]["POST /admin/w/article2tag/add/ HTTP/1.1" 302 0]
[2023-12-10 13:58:32,588][INFO][basehttp][basehttp.py:124]["GET /admin/w/article2tag/add/ HTTP/1.1" 200 6443]
[2023-12-10 13:58:32,602][INFO][basehttp][basehttp.py:124]["GET /admin/jsi18n/ HTTP/1.1" 200 7682]
[2023-12-10 13:58:42,551][INFO][basehttp][basehttp.py:124]["POST /admin/w/article2tag/add/ HTTP/1.1" 302 0]
[2023-12-10 13:58:42,611][INFO][basehttp][basehttp.py:124]["GET /admin/w/article2tag/add/ HTTP/1.1" 200 6443]
[2023-12-10 13:58:42,624][INFO][basehttp][basehttp.py:124]["GET /admin/jsi18n/ HTTP/1.1" 200 7682]
[2023-12-10 13:58:46,757][INFO][basehttp][basehttp.py:124]["POST /admin/w/article2tag/add/ HTTP/1.1" 302 0]
[2023-12-10 13:58:46,806][INFO][basehttp][basehttp.py:124]["GET /admin/w/article2tag/add/ HTTP/1.1" 200 6443]
[2023-12-10 13:58:46,820][INFO][basehttp][basehttp.py:124]["GET /admin/jsi18n/ HTTP/1.1" 200 7682]
[2023-12-10 13:58:51,895][INFO][basehttp][basehttp.py:124]["POST /admin/w/article2tag/add/ HTTP/1.1" 302 0]
[2023-12-10 13:58:51,936][INFO][basehttp][basehttp.py:124]["GET /admin/w/article2tag/ HTTP/1.1" 200 6050]
[2023-12-10 13:58:51,951][INFO][basehttp][basehttp.py:124]["GET /admin/jsi18n/ HTTP/1.1" 200 7682]
[2023-12-10 13:58:58,734][INFO][basehttp][basehttp.py:124]["GET /admin/logout/ HTTP/1.1" 200 1011]
[2023-12-10 13:59:32,369][INFO][basehttp][basehttp.py:124]["GET /home/ HTTP/1.1" 200 3194]
[2023-12-10 13:59:32,383][INFO][basehttp][basehttp.py:124]["GET /media/avatar/w1.jpg HTTP/1.1" 200 39304]
[2023-12-10 13:59:32,384][INFO][basehttp][basehttp.py:124]["GET /media/avatar/w2.jpg HTTP/1.1" 200 32050]
[2023-12-10 13:59:58,212][INFO][basehttp][basehttp.py:124]["GET /search/?search=%E4%BC%A0 HTTP/1.1" 200 627]
[2023-12-10 14:00:00,474][INFO][basehttp][basehttp.py:124]["GET /article_detail/?blog__site_name=%E6%B5%B7%E7%BB%B5%E5%AE%9D%E5%AE%9D&id=4 HTTP/1.1" 200 2017]
[2023-12-10 14:00:10,192][INFO][basehttp][basehttp.py:124]["GET /home/ HTTP/1.1" 200 3194]
[2023-12-10 14:00:10,580][INFO][basehttp][basehttp.py:124]["GET /home/ HTTP/1.1" 200 3194]
[2023-12-10 14:00:12,056][INFO][basehttp][basehttp.py:124]["GET /site/?blog__site_name=%E6%B4%BE%E5%A4%A7%E6%98%9F HTTP/1.1" 200 3577]
[2023-12-10 14:00:20,327][INFO][basehttp][basehttp.py:124]["GET /home/ HTTP/1.1" 200 3194]
[2023-12-10 14:00:20,657][INFO][basehttp][basehttp.py:124]["GET /home/ HTTP/1.1" 200 3194]
[2023-12-10 14:00:21,551][INFO][basehttp][basehttp.py:124]["GET /article_detail/?blog__site_name=%E6%B5%B7%E7%BB%B5%E5%AE%9D%E5%AE%9D&id=1 HTTP/1.1" 200 3482]
[2023-12-10 14:00:26,357][INFO][basehttp][basehttp.py:124]["GET /article_detail/?blog__site_name=%E6%B5%B7%E7%BB%B5%E5%AE%9D%E5%AE%9D&id=2 HTTP/1.1" 200 2046]
[2023-12-10 14:00:27,511][INFO][basehttp][basehttp.py:124]["GET /media/avatar/w2.jpg HTTP/1.1" 304 0]
[2023-12-10 14:00:28,671][INFO][basehttp][basehttp.py:124]["GET /article_detail/?blog__site_name=%E6%B5%B7%E7%BB%B5%E5%AE%9D%E5%AE%9D&id=3 HTTP/1.1" 200 3303]
[2023-12-10 14:00:31,977][INFO][basehttp][basehttp.py:124]["GET /article_detail/?blog__site_name=%E6%B5%B7%E7%BB%B5%E5%AE%9D%E5%AE%9D&id=4 HTTP/1.1" 200 2017]
[2023-12-10 14:00:34,012][INFO][basehttp][basehttp.py:124]["GET /media/avatar/w1.jpg HTTP/1.1" 304 0]
[2023-12-10 14:00:35,485][INFO][basehttp][basehttp.py:124]["GET /article_detail/?blog__site_name=%E6%B4%BE%E5%A4%A7%E6%98%9F&id=5 HTTP/1.1" 200 3017]
[2023-12-10 14:00:38,646][INFO][basehttp][basehttp.py:124]["GET /article_detail/?blog__site_name=%E6%B4%BE%E5%A4%A7%E6%98%9F&id=6 HTTP/1.1" 200 3306]
[2023-12-10 14:00:43,432][INFO][basehttp][basehttp.py:124]["GET /article_detail/?blog__site_name=%E6%B4%BE%E5%A4%A7%E6%98%9F&id=7 HTTP/1.1" 200 2858]
[2023-12-10 14:00:48,179][INFO][basehttp][basehttp.py:124]["GET /article_detail/?blog__site_name=%E6%B4%BE%E5%A4%A7%E6%98%9F&id=8 HTTP/1.1" 200 1900]
[2023-12-10 14:00:52,470][INFO][basehttp][basehttp.py:124]["GET /site/?blog__site_name=%E6%B4%BE%E5%A4%A7%E6%98%9F&category_id=5 HTTP/1.1" 200 1724]
[2023-12-10 14:00:54,904][INFO][basehttp][basehttp.py:124]["GET /home/ HTTP/1.1" 200 3194]
[2023-12-10 14:00:55,002][INFO][basehttp][basehttp.py:124]["GET /home/ HTTP/1.1" 200 3194]
[2023-12-10 14:01:02,554][INFO][basehttp][basehttp.py:124]["OPTIONS /login/ HTTP/1.1" 200 0]
[2023-12-10 14:01:02,641][INFO][basehttp][basehttp.py:124]["POST /login/ HTTP/1.1" 200 254]
[2023-12-10 14:01:02,676][INFO][basehttp][basehttp.py:124]["GET /home/ HTTP/1.1" 200 3194]
[2023-12-10 14:01:02,704][INFO][basehttp][basehttp.py:124]["GET /set_avatar/%E6%B4%BE%E5%A4%A7%E6%98%9F/ HTTP/1.1" 200 54]
[2023-12-10 14:01:04,699][INFO][basehttp][basehttp.py:124]["GET /article_detail/?blog__site_name=%E6%B5%B7%E7%BB%B5%E5%AE%9D%E5%AE%9D&id=1 HTTP/1.1" 200 3482]
[2023-12-10 14:01:04,720][INFO][basehttp][basehttp.py:124]["GET /set_avatar/%E6%B4%BE%E5%A4%A7%E6%98%9F/ HTTP/1.1" 200 54]
[2023-12-10 14:01:05,793][INFO][basehttp][basehttp.py:124]["OPTIONS /up_or_down/1/ HTTP/1.1" 200 0]
[2023-12-10 14:01:05,996][INFO][basehttp][basehttp.py:124]["PUT /up_or_down/1/ HTTP/1.1" 200 31]
[2023-12-10 14:01:07,913][INFO][basehttp][basehttp.py:124]["GET /home/ HTTP/1.1" 200 3194]
[2023-12-10 14:01:07,928][INFO][basehttp][basehttp.py:124]["GET /set_avatar/%E6%B4%BE%E5%A4%A7%E6%98%9F/ HTTP/1.1" 200 54]
[2023-12-10 14:01:08,210][INFO][basehttp][basehttp.py:124]["GET /home/ HTTP/1.1" 200 3194]
[2023-12-10 14:01:08,222][INFO][basehttp][basehttp.py:124]["GET /set_avatar/%E6%B4%BE%E5%A4%A7%E6%98%9F/ HTTP/1.1" 200 54]
[2023-12-10 14:01:08,889][INFO][basehttp][basehttp.py:124]["GET /article_detail/?blog__site_name=%E6%B5%B7%E7%BB%B5%E5%AE%9D%E5%AE%9D&id=2 HTTP/1.1" 200 2046]
[2023-12-10 14:01:08,901][INFO][basehttp][basehttp.py:124]["GET /set_avatar/%E6%B4%BE%E5%A4%A7%E6%98%9F/ HTTP/1.1" 200 54]
[2023-12-10 14:01:09,927][INFO][basehttp][basehttp.py:124]["OPTIONS /up_or_down/2/ HTTP/1.1" 200 0]
[2023-12-10 14:01:10,015][INFO][basehttp][basehttp.py:124]["PUT /up_or_down/2/ HTTP/1.1" 200 31]
[2023-12-10 14:01:11,056][INFO][basehttp][basehttp.py:124]["GET /home/ HTTP/1.1" 200 3194]
[2023-12-10 14:01:11,149][INFO][basehttp][basehttp.py:124]["GET /home/ HTTP/1.1" 200 3194]
[2023-12-10 14:01:11,163][INFO][basehttp][basehttp.py:124]["GET /set_avatar/%E6%B4%BE%E5%A4%A7%E6%98%9F/ HTTP/1.1" 200 54]
[2023-12-10 14:01:12,108][INFO][basehttp][basehttp.py:124]["GET /article_detail/?blog__site_name=%E6%B5%B7%E7%BB%B5%E5%AE%9D%E5%AE%9D&id=3 HTTP/1.1" 200 3303]
[2023-12-10 14:01:12,121][INFO][basehttp][basehttp.py:124]["GET /set_avatar/%E6%B4%BE%E5%A4%A7%E6%98%9F/ HTTP/1.1" 200 54]
[2023-12-10 14:01:13,292][INFO][basehttp][basehttp.py:124]["OPTIONS /up_or_down/3/ HTTP/1.1" 200 0]
[2023-12-10 14:01:13,339][INFO][basehttp][basehttp.py:124]["PUT /up_or_down/3/ HTTP/1.1" 200 31]
[2023-12-10 14:01:14,740][INFO][basehttp][basehttp.py:124]["GET /home/ HTTP/1.1" 200 3194]
[2023-12-10 14:01:14,857][INFO][basehttp][basehttp.py:124]["GET /home/ HTTP/1.1" 200 3194]
[2023-12-10 14:01:14,870][INFO][basehttp][basehttp.py:124]["GET /set_avatar/%E6%B4%BE%E5%A4%A7%E6%98%9F/ HTTP/1.1" 200 54]
[2023-12-10 14:01:16,190][INFO][basehttp][basehttp.py:124]["OPTIONS /backend/?blog__site_name=%E6%B4%BE%E5%A4%A7%E6%98%9F HTTP/1.1" 200 0]
[2023-12-10 14:01:16,205][INFO][basehttp][basehttp.py:124]["GET /backend/?blog__site_name=%E6%B4%BE%E5%A4%A7%E6%98%9F HTTP/1.1" 200 367]
[2023-12-10 14:01:16,218][INFO][basehttp][basehttp.py:124]["GET /set_avatar/%E6%B4%BE%E5%A4%A7%E6%98%9F/ HTTP/1.1" 200 54]
[2023-12-10 14:01:16,515][INFO][basehttp][basehttp.py:124]["GET /backend/?blog__site_name=%E6%B4%BE%E5%A4%A7%E6%98%9F HTTP/1.1" 200 367]
[2023-12-10 14:01:16,550][INFO][basehttp][basehttp.py:124]["GET /set_avatar/%E6%B4%BE%E5%A4%A7%E6%98%9F/ HTTP/1.1" 200 54]
[2023-12-10 14:01:19,622][INFO][basehttp][basehttp.py:124]["OPTIONS /vip/%E6%B4%BE%E5%A4%A7%E6%98%9F/ HTTP/1.1" 200 0]
[2023-12-10 14:01:19,663][INFO][basehttp][basehttp.py:124]["PUT /vip/%E6%B4%BE%E5%A4%A7%E6%98%9F/ HTTP/1.1" 200 31]
[2023-12-10 14:01:33,845][INFO][basehttp][basehttp.py:124]["OPTIONS /add_article_created/%E6%B4%BE%E5%A4%A7%E6%98%9F/ HTTP/1.1" 200 0]
[2023-12-10 14:01:33,863][INFO][basehttp][basehttp.py:124]["GET /add_article_created/%E6%B4%BE%E5%A4%A7%E6%98%9F/ HTTP/1.1" 200 272]
[2023-12-10 14:01:33,882][INFO][basehttp][basehttp.py:124]["GET /set_avatar/%E6%B4%BE%E5%A4%A7%E6%98%9F/ HTTP/1.1" 200 54]
[2023-12-10 14:01:34,253][INFO][basehttp][basehttp.py:124]["GET /add_article_created/%E6%B4%BE%E5%A4%A7%E6%98%9F/ HTTP/1.1" 200 272]
[2023-12-10 14:01:34,266][INFO][basehttp][basehttp.py:124]["GET /set_avatar/%E6%B4%BE%E5%A4%A7%E6%98%9F/ HTTP/1.1" 200 54]
[2023-12-10 14:01:34,278][INFO][basehttp][basehttp.py:124]["GET /media/avatar/w2.jpg HTTP/1.1" 304 0]
[2023-12-10 14:01:39,213][INFO][basehttp][basehttp.py:124]["GET /backend/?blog__site_name=%E6%B4%BE%E5%A4%A7%E6%98%9F HTTP/1.1" 200 367]
[2023-12-10 14:01:39,247][INFO][basehttp][basehttp.py:124]["GET /set_avatar/%E6%B4%BE%E5%A4%A7%E6%98%9F/ HTTP/1.1" 200 54]
[2023-12-10 14:01:39,461][INFO][basehttp][basehttp.py:124]["GET /backend/?blog__site_name=%E6%B4%BE%E5%A4%A7%E6%98%9F HTTP/1.1" 200 367]
[2023-12-10 14:01:39,481][INFO][basehttp][basehttp.py:124]["GET /set_avatar/%E6%B4%BE%E5%A4%A7%E6%98%9F/ HTTP/1.1" 200 54]
[2023-12-10 14:01:40,814][INFO][basehttp][basehttp.py:124]["GET /add_article_created/%E6%B4%BE%E5%A4%A7%E6%98%9F/ HTTP/1.1" 200 272]
[2023-12-10 14:01:40,825][INFO][basehttp][basehttp.py:124]["GET /set_avatar/%E6%B4%BE%E5%A4%A7%E6%98%9F/ HTTP/1.1" 200 54]
[2023-12-10 14:01:40,936][INFO][basehttp][basehttp.py:124]["GET /add_article_created/%E6%B4%BE%E5%A4%A7%E6%98%9F/ HTTP/1.1" 200 272]
[2023-12-10 14:01:40,977][INFO][basehttp][basehttp.py:124]["GET /set_avatar/%E6%B4%BE%E5%A4%A7%E6%98%9F/ HTTP/1.1" 200 54]
[2023-12-10 14:01:42,004][INFO][basehttp][basehttp.py:124]["GET /backend/?blog__site_name=%E6%B4%BE%E5%A4%A7%E6%98%9F HTTP/1.1" 200 367]
[2023-12-10 14:01:42,016][INFO][basehttp][basehttp.py:124]["GET /set_avatar/%E6%B4%BE%E5%A4%A7%E6%98%9F/ HTTP/1.1" 200 54]
[2023-12-10 14:01:42,110][INFO][basehttp][basehttp.py:124]["GET /backend/?blog__site_name=%E6%B4%BE%E5%A4%A7%E6%98%9F HTTP/1.1" 200 367]
[2023-12-10 14:01:42,125][INFO][basehttp][basehttp.py:124]["GET /set_avatar/%E6%B4%BE%E5%A4%A7%E6%98%9F/ HTTP/1.1" 200 54]
[2023-12-10 14:01:45,118][INFO][basehttp][basehttp.py:124]["GET /article_detail/?blog__site_name=%E6%B4%BE%E5%A4%A7%E6%98%9F&id=8 HTTP/1.1" 200 1900]
[2023-12-10 14:01:45,130][INFO][basehttp][basehttp.py:124]["GET /set_avatar/%E6%B4%BE%E5%A4%A7%E6%98%9F/ HTTP/1.1" 200 54]
[2023-12-10 14:01:52,975][INFO][basehttp][basehttp.py:124]["GET /backend/?blog__site_name=%E6%B4%BE%E5%A4%A7%E6%98%9F HTTP/1.1" 200 367]
[2023-12-10 14:01:52,985][INFO][basehttp][basehttp.py:124]["GET /set_avatar/%E6%B4%BE%E5%A4%A7%E6%98%9F/ HTTP/1.1" 200 54]
[2023-12-10 14:01:53,084][INFO][basehttp][basehttp.py:124]["GET /backend/?blog__site_name=%E6%B4%BE%E5%A4%A7%E6%98%9F HTTP/1.1" 200 367]
[2023-12-10 14:01:53,097][INFO][basehttp][basehttp.py:124]["GET /set_avatar/%E6%B4%BE%E5%A4%A7%E6%98%9F/ HTTP/1.1" 200 54]
[2023-12-10 14:01:55,895][INFO][basehttp][basehttp.py:124]["OPTIONS /backend/?blog__site_name=null HTTP/1.1" 200 0]
[2023-12-10 14:01:55,906][ERROR][exceptions][exceptions.py:7][view是:BackendCreatedView , 错误是Error decoding signature.]
[2023-12-10 14:01:55,907][INFO][basehttp][basehttp.py:124]["GET /backend/?blog__site_name=null HTTP/1.1" 200 72]
[2023-12-10 14:02:02,294][INFO][basehttp][basehttp.py:124]["POST /login/ HTTP/1.1" 200 67]
[2023-12-10 14:02:24,201][INFO][basehttp][basehttp.py:124]["POST /register/ HTTP/1.1" 200 38]
[2023-12-10 14:02:32,695][INFO][basehttp][basehttp.py:124]["POST /login/ HTTP/1.1" 200 251]
[2023-12-10 14:02:32,721][INFO][basehttp][basehttp.py:124]["GET /home/ HTTP/1.1" 200 3194]
[2023-12-10 14:02:32,733][INFO][basehttp][basehttp.py:124]["GET /media/avatar/w1.jpg HTTP/1.1" 304 0]
[2023-12-10 14:02:32,737][INFO][basehttp][basehttp.py:124]["GET /set_avatar/%E7%AB%A0%E9%B1%BC%E5%93%A5/ HTTP/1.1" 200 54]
[2023-12-10 14:02:32,743][INFO][basehttp][basehttp.py:124]["GET /media/avatar/w3.jpg HTTP/1.1" 200 33534]
[2023-12-10 14:02:34,679][INFO][basehttp][basehttp.py:124]["GET /article_detail/?blog__site_name=%E6%B5%B7%E7%BB%B5%E5%AE%9D%E5%AE%9D&id=1 HTTP/1.1" 200 3482]
[2023-12-10 14:02:34,702][INFO][basehttp][basehttp.py:124]["GET /set_avatar/%E7%AB%A0%E9%B1%BC%E5%93%A5/ HTTP/1.1" 200 54]
[2023-12-10 14:02:34,702][INFO][basehttp][basehttp.py:124]["GET /media/avatar/w3.jpg HTTP/1.1" 304 0]
[2023-12-10 14:02:35,992][INFO][basehttp][basehttp.py:124]["PUT /up_or_down/1/ HTTP/1.1" 200 31]
[2023-12-10 14:02:37,679][INFO][basehttp][basehttp.py:124]["GET /home/ HTTP/1.1" 200 3194]
[2023-12-10 14:02:37,699][INFO][basehttp][basehttp.py:124]["GET /set_avatar/%E7%AB%A0%E9%B1%BC%E5%93%A5/ HTTP/1.1" 200 54]
[2023-12-10 14:02:38,029][INFO][basehttp][basehttp.py:124]["GET /home/ HTTP/1.1" 200 3194]
[2023-12-10 14:02:38,059][INFO][basehttp][basehttp.py:124]["GET /set_avatar/%E7%AB%A0%E9%B1%BC%E5%93%A5/ HTTP/1.1" 200 54]
[2023-12-10 14:02:38,064][INFO][basehttp][basehttp.py:124]["GET /media/avatar/w3.jpg HTTP/1.1" 304 0]
[2023-12-10 14:02:38,615][INFO][basehttp][basehttp.py:124]["GET /article_detail/?blog__site_name=%E6%B5%B7%E7%BB%B5%E5%AE%9D%E5%AE%9D&id=2 HTTP/1.1" 200 2046]
[2023-12-10 14:02:38,634][INFO][basehttp][basehttp.py:124]["GET /set_avatar/%E7%AB%A0%E9%B1%BC%E5%93%A5/ HTTP/1.1" 200 54]
[2023-12-10 14:02:39,572][INFO][basehttp][basehttp.py:124]["PUT /up_or_down/2/ HTTP/1.1" 200 31]
[2023-12-10 14:02:40,728][INFO][basehttp][basehttp.py:124]["GET /home/ HTTP/1.1" 200 3194]
[2023-12-10 14:02:40,823][INFO][basehttp][basehttp.py:124]["GET /home/ HTTP/1.1" 200 3194]
[2023-12-10 14:02:40,834][INFO][basehttp][basehttp.py:124]["GET /media/avatar/w2.jpg HTTP/1.1" 304 0]
[2023-12-10 14:02:40,847][INFO][basehttp][basehttp.py:124]["GET /set_avatar/%E7%AB%A0%E9%B1%BC%E5%93%A5/ HTTP/1.1" 200 54]
[2023-12-10 14:02:40,847][INFO][basehttp][basehttp.py:124]["GET /media/avatar/w3.jpg HTTP/1.1" 304 0]
[2023-12-10 14:02:41,884][INFO][basehttp][basehttp.py:124]["GET /article_detail/?blog__site_name=%E6%B5%B7%E7%BB%B5%E5%AE%9D%E5%AE%9D&id=3 HTTP/1.1" 200 3303]
[2023-12-10 14:02:41,897][INFO][basehttp][basehttp.py:124]["GET /set_avatar/%E7%AB%A0%E9%B1%BC%E5%93%A5/ HTTP/1.1" 200 54]
[2023-12-10 14:02:41,902][INFO][basehttp][basehttp.py:124]["GET /media/avatar/w3.jpg HTTP/1.1" 304 0]
[2023-12-10 14:02:43,073][INFO][basehttp][basehttp.py:124]["PUT /up_or_down/3/ HTTP/1.1" 200 31]
[2023-12-10 14:02:44,109][INFO][basehttp][basehttp.py:124]["GET /home/ HTTP/1.1" 200 3194]
[2023-12-10 14:02:44,212][INFO][basehttp][basehttp.py:124]["GET /home/ HTTP/1.1" 200 3194]
[2023-12-10 14:02:44,223][INFO][basehttp][basehttp.py:124]["GET /set_avatar/%E7%AB%A0%E9%B1%BC%E5%93%A5/ HTTP/1.1" 200 54]
[2023-12-10 14:02:44,228][INFO][basehttp][basehttp.py:124]["GET /media/avatar/w3.jpg HTTP/1.1" 304 0]
[2023-12-10 14:02:45,427][INFO][basehttp][basehttp.py:124]["GET /article_detail/?blog__site_name=%E6%B5%B7%E7%BB%B5%E5%AE%9D%E5%AE%9D&id=4 HTTP/1.1" 200 2017]
[2023-12-10 14:02:45,450][INFO][basehttp][basehttp.py:124]["GET /set_avatar/%E7%AB%A0%E9%B1%BC%E5%93%A5/ HTTP/1.1" 200 54]
[2023-12-10 14:02:46,477][INFO][basehttp][basehttp.py:124]["OPTIONS /up_or_down/4/ HTTP/1.1" 200 0]
[2023-12-10 14:02:46,540][INFO][basehttp][basehttp.py:124]["PUT /up_or_down/4/ HTTP/1.1" 200 31]
[2023-12-10 14:02:48,227][INFO][basehttp][basehttp.py:124]["GET /home/ HTTP/1.1" 200 3194]
[2023-12-10 14:02:48,238][INFO][basehttp][basehttp.py:124]["GET /set_avatar/%E7%AB%A0%E9%B1%BC%E5%93%A5/ HTTP/1.1" 200 54]
[2023-12-10 14:02:48,518][INFO][basehttp][basehttp.py:124]["GET /home/ HTTP/1.1" 200 3194]
[2023-12-10 14:02:48,531][INFO][basehttp][basehttp.py:124]["GET /set_avatar/%E7%AB%A0%E9%B1%BC%E5%93%A5/ HTTP/1.1" 200 54]
[2023-12-10 14:02:48,539][INFO][basehttp][basehttp.py:124]["GET /media/avatar/w3.jpg HTTP/1.1" 304 0]
[2023-12-10 14:02:53,123][INFO][basehttp][basehttp.py:124]["GET /article_detail/?blog__site_name=%E6%B5%B7%E7%BB%B5%E5%AE%9D%E5%AE%9D&id=2 HTTP/1.1" 200 2046]
[2023-12-10 14:02:53,134][INFO][basehttp][basehttp.py:124]["GET /set_avatar/%E7%AB%A0%E9%B1%BC%E5%93%A5/ HTTP/1.1" 200 54]
[2023-12-10 14:02:53,135][INFO][basehttp][basehttp.py:124]["GET /media/avatar/w3.jpg HTTP/1.1" 304 0]
[2023-12-10 14:03:07,252][INFO][basehttp][basehttp.py:124]["OPTIONS /comment/ HTTP/1.1" 200 0]
[2023-12-10 14:03:07,312][INFO][basehttp][basehttp.py:124]["POST /comment/ HTTP/1.1" 200 38]
[2023-12-10 14:03:10,304][INFO][basehttp][basehttp.py:124]["GET /article_detail/?blog__site_name=%E6%B5%B7%E7%BB%B5%E5%AE%9D%E5%AE%9D&id=2 HTTP/1.1" 200 2160]
[2023-12-10 14:03:10,319][INFO][basehttp][basehttp.py:124]["GET /set_avatar/%E7%AB%A0%E9%B1%BC%E5%93%A5/ HTTP/1.1" 200 54]
[2023-12-10 14:03:10,319][INFO][basehttp][basehttp.py:124]["GET /media/avatar/w3.jpg HTTP/1.1" 304 0]
[2023-12-10 14:03:12,031][INFO][basehttp][basehttp.py:124]["GET /home/ HTTP/1.1" 200 3194]
[2023-12-10 14:03:12,127][INFO][basehttp][basehttp.py:124]["GET /home/ HTTP/1.1" 200 3194]
[2023-12-10 14:03:12,139][INFO][basehttp][basehttp.py:124]["GET /set_avatar/%E7%AB%A0%E9%B1%BC%E5%93%A5/ HTTP/1.1" 200 54]
[2023-12-10 14:03:15,009][INFO][basehttp][basehttp.py:124]["GET /home/ HTTP/1.1" 200 3194]
[2023-12-10 14:03:20,861][INFO][basehttp][basehttp.py:124]["POST /login/ HTTP/1.1" 200 261]
[2023-12-10 14:03:20,897][INFO][basehttp][basehttp.py:124]["GET /home/ HTTP/1.1" 200 3194]
[2023-12-10 14:03:20,908][INFO][basehttp][basehttp.py:124]["GET /set_avatar/%E6%B5%B7%E7%BB%B5%E5%AE%9D%E5%AE%9D/ HTTP/1.1" 200 54]
[2023-12-10 14:03:23,126][INFO][basehttp][basehttp.py:124]["GET /article_detail/?blog__site_name=%E6%B4%BE%E5%A4%A7%E6%98%9F&id=5 HTTP/1.1" 200 3017]
[2023-12-10 14:03:23,149][INFO][basehttp][basehttp.py:124]["GET /set_avatar/%E6%B5%B7%E7%BB%B5%E5%AE%9D%E5%AE%9D/ HTTP/1.1" 200 54]
[2023-12-10 14:03:24,161][INFO][basehttp][basehttp.py:124]["OPTIONS /up_or_down/5/ HTTP/1.1" 200 0]
[2023-12-10 14:03:24,353][INFO][basehttp][basehttp.py:124]["PUT /up_or_down/5/ HTTP/1.1" 200 31]
[2023-12-10 14:03:25,353][INFO][basehttp][basehttp.py:124]["GET /home/ HTTP/1.1" 200 3194]
[2023-12-10 14:03:25,450][INFO][basehttp][basehttp.py:124]["GET /home/ HTTP/1.1" 200 3194]
[2023-12-10 14:03:25,477][INFO][basehttp][basehttp.py:124]["GET /set_avatar/%E6%B5%B7%E7%BB%B5%E5%AE%9D%E5%AE%9D/ HTTP/1.1" 200 54]
[2023-12-10 14:03:28,451][INFO][basehttp][basehttp.py:124]["GET /article_detail/?blog__site_name=%E6%B4%BE%E5%A4%A7%E6%98%9F&id=6 HTTP/1.1" 200 3306]
[2023-12-10 14:03:28,468][INFO][basehttp][basehttp.py:124]["GET /set_avatar/%E6%B5%B7%E7%BB%B5%E5%AE%9D%E5%AE%9D/ HTTP/1.1" 200 54]
[2023-12-10 14:03:29,277][INFO][basehttp][basehttp.py:124]["OPTIONS /up_or_down/6/ HTTP/1.1" 200 0]
[2023-12-10 14:03:29,391][INFO][basehttp][basehttp.py:124]["PUT /up_or_down/6/ HTTP/1.1" 200 31]
[2023-12-10 14:03:32,159][INFO][basehttp][basehttp.py:124]["GET /site/?blog__site_name=%E6%B4%BE%E5%A4%A7%E6%98%9F HTTP/1.1" 200 3577]
[2023-12-10 14:03:32,180][INFO][basehttp][basehttp.py:124]["GET /set_avatar/%E6%B5%B7%E7%BB%B5%E5%AE%9D%E5%AE%9D/ HTTP/1.1" 200 54]
[2023-12-10 14:03:33,486][INFO][basehttp][basehttp.py:124]["GET /article_detail/?blog__site_name=%E6%B4%BE%E5%A4%A7%E6%98%9F&id=7 HTTP/1.1" 200 2858]
[2023-12-10 14:03:33,498][INFO][basehttp][basehttp.py:124]["GET /set_avatar/%E6%B5%B7%E7%BB%B5%E5%AE%9D%E5%AE%9D/ HTTP/1.1" 200 54]
[2023-12-10 14:03:34,876][INFO][basehttp][basehttp.py:124]["OPTIONS /up_or_down/7/ HTTP/1.1" 200 0]
[2023-12-10 14:03:34,922][INFO][basehttp][basehttp.py:124]["PUT /up_or_down/7/ HTTP/1.1" 200 31]
[2023-12-10 14:03:36,603][INFO][basehttp][basehttp.py:124]["OPTIONS /backend/?blog__site_name=%E6%B5%B7%E7%BB%B5%E5%AE%9D%E5%AE%9D HTTP/1.1" 200 0]
[2023-12-10 14:03:36,626][INFO][basehttp][basehttp.py:124]["GET /backend/?blog__site_name=%E6%B5%B7%E7%BB%B5%E5%AE%9D%E5%AE%9D HTTP/1.1" 200 327]
[2023-12-10 14:03:36,649][INFO][basehttp][basehttp.py:124]["GET /set_avatar/%E6%B5%B7%E7%BB%B5%E5%AE%9D%E5%AE%9D/ HTTP/1.1" 200 54]
[2023-12-10 14:03:36,951][INFO][basehttp][basehttp.py:124]["GET /backend/?blog__site_name=%E6%B5%B7%E7%BB%B5%E5%AE%9D%E5%AE%9D HTTP/1.1" 200 327]
[2023-12-10 14:03:36,963][INFO][basehttp][basehttp.py:124]["GET /set_avatar/%E6%B5%B7%E7%BB%B5%E5%AE%9D%E5%AE%9D/ HTTP/1.1" 200 54]
[2023-12-10 14:03:44,213][INFO][basehttp][basehttp.py:124]["OPTIONS /add_article_created/%E6%B5%B7%E7%BB%B5%E5%AE%9D%E5%AE%9D/ HTTP/1.1" 200 0]
[2023-12-10 14:03:44,223][INFO][basehttp][basehttp.py:124]["GET /add_article_created/%E6%B5%B7%E7%BB%B5%E5%AE%9D%E5%AE%9D/ HTTP/1.1" 200 290]
[2023-12-10 14:03:44,236][INFO][basehttp][basehttp.py:124]["GET /set_avatar/%E6%B5%B7%E7%BB%B5%E5%AE%9D%E5%AE%9D/ HTTP/1.1" 200 54]
[2023-12-10 14:03:44,360][INFO][basehttp][basehttp.py:124]["GET /add_article_created/%E6%B5%B7%E7%BB%B5%E5%AE%9D%E5%AE%9D/ HTTP/1.1" 200 290]
[2023-12-10 14:03:44,372][INFO][basehttp][basehttp.py:124]["GET /set_avatar/%E6%B5%B7%E7%BB%B5%E5%AE%9D%E5%AE%9D/ HTTP/1.1" 200 54]
[2023-12-10 14:03:45,354][INFO][basehttp][basehttp.py:124]["GET /home/ HTTP/1.1" 200 3194]
[2023-12-10 14:03:45,444][INFO][basehttp][basehttp.py:124]["GET /home/ HTTP/1.1" 200 3194]
[2023-12-10 14:03:45,476][INFO][basehttp][basehttp.py:124]["GET /set_avatar/%E6%B5%B7%E7%BB%B5%E5%AE%9D%E5%AE%9D/ HTTP/1.1" 200 54]
[2023-12-10 14:03:48,126][INFO][basehttp][basehttp.py:124]["GET /article_detail/?blog__site_name=%E6%B5%B7%E7%BB%B5%E5%AE%9D%E5%AE%9D&id=2 HTTP/1.1" 200 2160]
[2023-12-10 14:03:48,139][INFO][basehttp][basehttp.py:124]["GET /set_avatar/%E6%B5%B7%E7%BB%B5%E5%AE%9D%E5%AE%9D/ HTTP/1.1" 200 54]
[2023-12-10 14:04:03,481][INFO][basehttp][basehttp.py:124]["POST /comment/ HTTP/1.1" 200 38]
[2023-12-10 14:04:07,228][INFO][basehttp][basehttp.py:124]["GET /article_detail/?blog__site_name=%E6%B5%B7%E7%BB%B5%E5%AE%9D%E5%AE%9D&id=2 HTTP/1.1" 200 2303]
[2023-12-10 14:04:07,239][INFO][basehttp][basehttp.py:124]["GET /set_avatar/%E6%B5%B7%E7%BB%B5%E5%AE%9D%E5%AE%9D/ HTTP/1.1" 200 54]
[2023-12-10 14:04:07,244][INFO][basehttp][basehttp.py:124]["GET /media/avatar/w1.jpg HTTP/1.1" 304 0]
[2023-12-10 14:04:11,762][INFO][basehttp][basehttp.py:124]["GET /backend/?blog__site_name=%E6%B5%B7%E7%BB%B5%E5%AE%9D%E5%AE%9D HTTP/1.1" 200 327]
[2023-12-10 14:04:11,773][INFO][basehttp][basehttp.py:124]["GET /set_avatar/%E6%B5%B7%E7%BB%B5%E5%AE%9D%E5%AE%9D/ HTTP/1.1" 200 54]
[2023-12-10 14:04:11,870][INFO][basehttp][basehttp.py:124]["GET /backend/?blog__site_name=%E6%B5%B7%E7%BB%B5%E5%AE%9D%E5%AE%9D HTTP/1.1" 200 327]
[2023-12-10 14:04:11,882][INFO][basehttp][basehttp.py:124]["GET /set_avatar/%E6%B5%B7%E7%BB%B5%E5%AE%9D%E5%AE%9D/ HTTP/1.1" 200 54]
[2023-12-10 14:04:14,006][INFO][basehttp][basehttp.py:124]["GET /home/ HTTP/1.1" 200 3194]
[2023-12-10 14:04:14,116][INFO][basehttp][basehttp.py:124]["GET /home/ HTTP/1.1" 200 3194]
[2023-12-10 14:04:14,125][INFO][basehttp][basehttp.py:124]["GET /media/avatar/w2.jpg HTTP/1.1" 304 0]
[2023-12-10 14:04:14,128][INFO][basehttp][basehttp.py:124]["GET /set_avatar/%E6%B5%B7%E7%BB%B5%E5%AE%9D%E5%AE%9D/ HTTP/1.1" 200 54]
[2023-12-10 14:04:15,742][INFO][basehttp][basehttp.py:124]["GET /site/?blog__site_name=%E6%B5%B7%E7%BB%B5%E5%AE%9D%E5%AE%9D HTTP/1.1" 200 3690]
[2023-12-10 14:04:15,765][INFO][basehttp][basehttp.py:124]["GET /set_avatar/%E6%B5%B7%E7%BB%B5%E5%AE%9D%E5%AE%9D/ HTTP/1.1" 200 54]
[2023-12-10 14:04:22,928][INFO][basehttp][basehttp.py:124]["GET /site/?blog__site_name=%E6%B5%B7%E7%BB%B5%E5%AE%9D%E5%AE%9D&tags__id=3 HTTP/1.1" 200 856]
[2023-12-10 14:04:22,950][INFO][basehttp][basehttp.py:124]["GET /set_avatar/%E6%B5%B7%E7%BB%B5%E5%AE%9D%E5%AE%9D/ HTTP/1.1" 200 54]
[2023-12-10 14:04:23,828][INFO][basehttp][basehttp.py:124]["GET /home/ HTTP/1.1" 200 3194]
[2023-12-10 14:04:23,925][INFO][basehttp][basehttp.py:124]["GET /home/ HTTP/1.1" 200 3194]
[2023-12-10 14:04:23,936][INFO][basehttp][basehttp.py:124]["GET /set_avatar/%E6%B5%B7%E7%BB%B5%E5%AE%9D%E5%AE%9D/ HTTP/1.1" 200 54]
[2023-12-10 14:04:26,507][INFO][basehttp][basehttp.py:124]["GET /home/ HTTP/1.1" 200 3194]
